0
0
0
0
0
0
0
0
0
0
0
0
0
2500
0
0
0
0
0
0
0
0
0
0
0
0
0
-5626
0
0
0
0
0
0
0
0
5158
0
0
0
0
0
0
0
0
0
0
6162
0
0
0
0
0
-5626
0
0
0
0
1579
1579
0
0
0
0
0
0
0
0
0
0
0
0
0
8734
0
4382
0
0
0
5451
7205
0
0
-5626
0
0
0
2786
0
0
0
0
0
0
0
0
0
0
5711
2272
2272
0
0
0
4382
0
0
0
2272
0
0
0
0
0
17511
0
0
0
0
5158
0
0
5711
0
6162
0
0
0
0
0
0
0
0
0
0
8585
0
0
0
0
0
6162
7129
0
0
0
4382
1620
0
0
-5626
0
0
0
0
0
0
0
0
0
1622
0
0
0
0
0
0
2304
2286
5711
2272
0
317
0
0
0
0
5036
0
0
0
0
0
2272
2272
0
0
0
8011
0
0
0
0
0
8585
0
4382
0
7857
0
0
4952
9705
0
0
2272
0
0
0
6162
0
8585
0
3397
3111
0
0
0
3397
0
952
2272
0
14944
0
952
0
952
0
2769
0
2272
6368
952
0
3397
952
8776
2531
952
952
4382
952
0
952
952
3738
2272
952
5158
952
2272
6688
2304
0
2391
952
2931
6875
0
952
6162
1995
4382
5516
4336
952
2272
6663
5193
0
2272
3432
10851
952
3587
952
162
2516
4382
0
952
5711
952
3954
0
952
952
0
952
0
8776
952
2931
3397
0
0
0
952
0
6517
0
0
3397
10008
952
3397
21007
0
12584
5516
952
4382
952
5631
3587
952
952
2272
0
952
0
2769
6296
952
952
0
10851
5711
0
8010
0
952
2272
6162
0
952
6688
6296
952
952
952
6296
952
1269
952
4382
0
6377
952
0
952
1911
2781
952
3738
1349
0
3397
4714
952
0
952
4382
952
6663
0
0
952
952
952
952
7129
952
0
4382
0
8560
11739
2931
8702
8492
0
3397
7028
0
13615
10561
0
952
11158
2931
5516
15044
952
6296
1269
7129
952
6296
8010
0
0
6987
8776
2272
952
8575
9527
16968
6712
9844
9844
9527
9527
15914
13852
6712
18583
12870
8575
8575
9527
9844
10234
10210
8575
9527
8575
18016
15263
11911
13523
14091
15263
9527
9527
11309
8575
22190
12957
16450
8575
13523
8575
5621
11380
9527
11506
9527
9527
9527
12957
15562
8575
11254
9527
0
11712
9527
9527
11091
14997
4789
10847
17120
8575
9527
8575
19003
8575
11654
9527
10847
9527
7912
8575
9527
8575
9443
18195
14194
9904
9527
11506
9527
8575
9527
8585
8575
12957
18879
8451
9527
9527
9527
4056
24928
11506
16585
9527
8575
8575
12957
14091
9527
18777
0
9527
20170
19232
9527
14008
17735
10871
8575
15562
9527
9527
15562
15562
20871
8575
3901
11268
18347
10847
8575
9527
9527
9527
24928
3901
9527
6712
15704
9527
12313
8575
8575
8575
14091
9862
8575
9527
8575
10847
18583
13471
9527
20318
9527
9527
9527
8575
9527
10847
22107
9527
8575
9527
9527
9891
8575
9844
8575
8575
18583
9527
8575
3901
10847
9527
10916
8575
11204
8575
11739
8575
11204
8575
18583
9527
8575
10847
9527
18583
9527
18195
15562
15894
9527
8851
0
8575
10829
9527
11461
8575
9527
6712
22107
9527
0
17540
10847
8575
25232
9527
9527
22278
8575
8575
9527
9527
11268
13265
8575
9527
8575
11739
8776
13265
10847
9527
8575
15263
11309
8575
8575
9527
15263
12376
18200
18200
18458
10847
9527
18200
13265
3397
12529
11204
9527
12376
18564
8575
16911
18751
9527
9527
9527
14629
17310
18200
18583
13265
8575
18751
9527
10847
12529
0
19136
10847
9527
12961
22190
11062
16691
9527
9527
9527
18751
17495
15263
5666
14110
10847
11713
14348
18200
9527
14091
9527
13980
9527
23638
9527
8575
10847
9438
9527
18200
18564
0
9844
18195
11204
11204
22539
35192
18200
9527
17495
9527
8575
18751
18583
16503
9527
12911
11204
8575
9527
9527
20871
15704
13980
19605
9527
18583
8575
24928
19509
19426
8575
17567
11321
8575
18583
18564
9527
14286
8575
9527
8575
18200
10847
8575
9527
9655
23530
9886
8575
22107
18970
37307
11759
3397
13980
11204
10847
8575
29225
19605
18564
12210
9527
9527
9527
8575
18564
24097
18702
13265
24928
13265
18751
11321
13265
9527
14629
16911
11321
9527
9527
9527
26301
18200
8575
9527
11204
18970
10871
11174
15681
10847
15263
15562
18200
18200
10903
17341
18200
14085
8575
8575
9527
18702
9527
11174
15092
9527
8575
10903
11246
11393
8575
9527
8575
27172
9527
8575
15963
11174
14085
8623
8575
8575
18200
11321
8575
8776
11204
8575
10847
9527
19426
8575
14764
18751
25887
14091
17160
0
14091
9527
13337
10847
14085
28872
11174
9527
11174
13091
13265
13265
15540
21442
22570
10847
8575
11174
14510
15562
9527
20730
15923
10871
10847
11487
8776
11174
15562
11204
8575
9527
8575
12105
10210
8575
9527
9578
9527
10073
8575
8575
0
15562
9527
18751
11598
8575
8575
9527
8575
10169
18200
8575
8575
18777
18583
11174
16503
23890
11739
8575
9527
11174
18337
15092
8623
11174
15403
9527
17160
24188
14085
11254
11321
8623
9527
20871
8575
14218
14085
2859
10220
20318
15562
20170
9527
13066
4106
11174
14764
11174
19605
18751
10073
15263
24432
8575
26301
23638
18702
18200
21957
18702
18751
10021
10847
9527
10847
14085
18583
20869
18574
9527
10847
8575
8575
14223
9527
15263
14091
18751
11174
14085
18751
18970
8575
24500
11204
17090
10847
19605
19569
8575
20014
18751
18200
8575
14085
17298
29243
11204
21957
9527
13337
567
21200
14512
20170
19829
13109
