0
0
0
0
0
0
0
0
0
0
0
0
0
0
0
0
0
0
0
0
0
0
0
0
0
0
2146
0
0
0
0
0
0
0
0
-366
-366
-366
-366
-366
-366
0
0
0
0
-366
-366
-366
0
0
0
0
-366
8219
0
-366
-366
0
-366
-366
-366
0
-366
-366
8374
4201
-366
-366
0
0
0
-366
-366
0
-366
-366
0
0
0
-366
-366
-366
-366
-366
-366
0
-366
-366
0
0
6183
-366
9108
-366
0
-366
-366
-366
-366
0
-366
0
0
-366
0
-366
-366
-366
0
-366
-366
0
-366
-366
0
0
9482
-366
0
-366
-366
-366
0
-366
-366
-366
-366
-366
-366
0
-366
0
0
-366
0
0
68
-366
-366
0
-6576
0
-366
0
-366
0
0
-366
0
-366
0
-366
-366
0
-366
-366
-366
-366
-366
18076
0
0
-366
-366
-366
-366
0
-366
-366
0
-366
0
-366
0
8442
-366
0
-366
-366
0
-366
-366
0
0
-366
2146
0
2146
0
0
-366
-366
0
-366
-366
-366
-366
-366
0
0
0
0
-366
-366
-366
0
0
-366
-366
0
-366
9482
0
-366
0
0
0
-366
-366
0
8682
4201
-366
0
9482
-366
0
-366
9482
-366
-366
0
0
0
0
-366
0
2438
-366
-366
-366
8442
0
0
0
0
-366
-366
-366
-366
0
-366
-366
8442
-366
8442
-366
0
-366
-366
0
-366
1193
-366
-366
0
-366
-239
0
8442
0
-366
2441
0
-366
-366
8442
7396
3499
3434
-366
-366
0
0
4201
-366
2920
2920
2920
0
-366
-366
-366
0
-366
0
-366
-366
0
2920
2441
0
2920
2920
2920
0
2920
5513
-366
0
0
5513
-366
-366
2438
-366
0
2920
8442
2441
0
0
5513
-366
0
-366
0
6916
0
5513
-366
-366
-366
3473
-366
-362
-366
-366
-366
2920
0
2920
2920
5513
-366
8442
0
-366
9482
-366
-366
0
-366
-366
-366
8354
4813
6916
-366
-366
2441
-366
2920
-366
0
0
0
0
5153
1193
-366
-366
-366
1193
5513
-366
2920
-366
-366
2920
0
0
9482
-366
2920
9482
-366
-366
1193
0
-366
0
9569
-366
926
8354
0
0
2920
0
3473
0
0
-366
-366
2920
0
1193
-366
-366
-2106
2441
-366
-366
5513
0
-366
-366
5513
2441
-366
7217
2920
-366
2920
2920
0
2333
-366
2920
8056
-366
9482
16943
0
4060
9482
0
-366
0
2920
9981
1193
2920
2920
1193
2920
2920
1193
-366
0
-366
0
-366
2920
-366
-366
9981
1193
-333
-366
0
0
2441
2441
-366
-366
2920
-366
0
-366
0
0
-366
0
1605
0
9108
0
8354
0
0
8442
-366
3473
2920
5956
-366
0
0
18076
-366
-366
-366
0
2920
0
-2106
8354
0
5341
-366
0
0
2146
-366
2920
0
0
2920
-366
9108
2920
4554
-366
-366
-366
0
-366
-366
-366
2441
2920
0
-366
-366
-333
0
2441
-366
0
-366
-366
0
-366
-366
2920
21419
2920
3473
1193
0
1193
2441
-2963
-366
6916
2146
-7005
376
-366
1193
14285
-7005
-5645
0
0
-366
2920
2441
0
2920
2920
8278
-366
-366
0
0
4383
0
2920
0
1040
2920
-366
-366
0
-366
0
1193
2377
4614
2920
-366
5320
-366
2920
-366
-366
2920
1193
5513
2377
2920
5281
2920
0
0
4579
0
0
2920
0
-7005
-366
0
-366
5513
-366
8442
6977
8944
-366
-366
-366
8442
0
9981
0
2441
2920
0
14285
-366
-366
0
0
-366
2627
-366
2920
-366
0
-7005
0
7174
-366
-366
10957
-366
-7005
0
2377
-7005
0
0
-366
-366
1193
0
-366
0
4553
2920
0
0
-7005
2920
2920
0
-366
-366
0
-366
4579
-366
2920
8520
6972
-366
5956
0
-366
1193
2920
0
4886
2920
2146
-366
963
4275
926
9634
2377
-7005
-366
0
2920
0
-366
11097
-7005
-366
-366
0
115
8278
2548
0
-366
1193
2548
1193
1193
0
2920
0
-366
0
-366
8276
5513
-366
1605
-314
5513
-366
2920
2920
9453
10957
0
-366
0
2441
-7005
7600
-366
-366
-366
14654
14285
-366
-7005
-366
4553
0
0
917
2548
2228
0
2812
2377
1193
-366
14285
0
-366
0
2920
0
8276
0
8185
2920
-366
2812
0
-7005
2920
-4306
0
8276
7216
2920
-366
1605
0
0
0
1193
5513
1193
-9324
-366
-366
-366
-366
-366
-7005
2920
5669
963
1193
10167
2920
-366
-366
0
5028
2920
1193
2920
2920
2920
2441
-366
9981
8947
-366
3543
0
0
6057
-366
-366
5513
8442
-366
-366
-4306
784
0
2228
2920
0
1417
-366
5513
2441
-366
0
6901
2441
-366
-7005
0
-366
5513
0
3862
-366
-7005
1193
0
0
-366
3862
-366
5784
-366
0
9453
14285
5669
0
-366
2920
3354
1193
-366
-366
0
5998
2920
-366
-7005
0
2920
2920
-366
2920
-366
0
-7005
-366
14285
1193
7600
5956
2548
2920
4275
-366
9482
5513
-366
-7005
0
7677
6901
-366
-366
0
2920
0
0
6901
1193
-7005
0
8442
-366
7377
1193
0
8276
0
14285
-366
0
2920
0
0
10422
-366
21419
5784
-366
0
0
-366
-366
-994
-366
8276
-366
5513
-366
-366
-366
2441
-366
-366
0
-366
2841
19243
2920
2441
0
0
1193
-366
14285
5513
8780
-366
-366
-366
-366
5513
-7212
2920
0
1193
-7212
3354
-7212
14285
10422
-7212
-7212
2170
0
-366
14285
0
2441
-7212
5998
-366
-366
-366
0
2920
1193
9606
0
0
0
3598
9634
2441
0
-366
8276
0
8090
12610
7027
-366
-366
-366
14285
-4513
0
-366
-366
1193
-7212
0
1193
2170
0
-366
-366
-366
2341
1210
0
14285
0
2170
0
2441
7182
2471
0
6187
-366
0
8813
0
2341
-366
2920
301
-366
4275
2920
0
8442
-7212
5513
10055
2170
-366
-366
920
5513
1193
-366
2920
0
1193
5663
0
-366
577
-366
0
793
0
8470
-314
-366
14285
2170
0
-366
-366
3543
8276
2920
-366
-366
-7212
5513
2036
7902
-366
2282
-366
0
-366
4831
2920
711
2920
262
-366
3579
1193
-366
-366
-366
0
-366
-366
2920
18000
-366
2920
2920
2441
2920
0
8276
0
9981
0
2920
5720
926
5513
17546
3804
10167
-366
-366
2812
-366
7377
0
-7212
-366
0
0
2441
-4513
0
3664
2920
-366
-366
2920
0
9393
9606
-366
-7212
23712
-366
0
-7212
5903
6998
0
0
8470
6916
0
0
-366
-366
-366
-366
8179
13596
0
17779
-366
0
0
10055
0
-366
0
0
0
-366
1193
-7212
198
14285
2441
0
0
-366
-366
-366
0
956
-6473
-366
3058
-366
-7212
5513
0
-366
-7212
2471
-366
-366
0
8797
9564
-366
0
-366
1193
-366
-366
0
-9324
0
-314
10890
2302
-366
0
-3217
8276
833
-366
-366
-366
10055
1659
-7212
-366
7182
4060
0
14285
10890
0
0
5513
3265
-366
-366
-7212
1193
-366
0
-366
16685
-366
8276
0
926
464
0
5513
8442
9981
5513
7192
4275
-366
-366
-7212
5513
-366
-366
-3603
7182
-366
-366
943
-366
5513
8442
0
0
5657
-1582
0
4060
7182
-366
-366
0
-366
-6473
-366
0
0
-366
10422
0
-366
943
3548
9529
920
2441
-366
3013
1131
-7212
0
-366
2441
-7212
6057
5474
-366
103
371
0
6393
-366
-366
-366
4069
0
0
9482
1193
10055
13596
3598
-366
-366
-366
2341
0
-366
8276
5513
0
0
-366
1131
10055
10097
0
10055
-366
5366
0
-366
-333
0
5324
1659
0
1992
-7212
612
0
8276
-366
4386
-366
0
-7212
-366
0
364
5339
-366
0
3598
8813
10055
12061
-366
0
1193
10167
-366
0
0
0
-3564
4678
7123
-366
10055
0
-366
8780
10422
0
0
-366
-366
-7212
5513
0
-7212
3598
8276
-7208
807
8509
0
1605
4678
0
2799
2441
-366
0
0
0
-366
0
8697
0
-366
-7212
-366
0
8440
6057
10097
1193
833
8276
16020
3320
0
5513
-366
-6469
9981
8070
1193
5513
8276
5513
1193
0
-366
-366
5513
-366
5358
0
1131
0
-366
1193
628
-366
7015
711
1605
-1214
14285
13596
1487
115
-366
5823
-366
8276
1605
8442
0
8947
-366
3598
0
-366
-366
1595
4740
14285
-366
-366
1407
4678
2441
8509
-366
5513
5513
-366
0
7192
1605
-366
0
0
14285
0
0
-1582
0
0
-366
-366
-366
-7212
-366
-366
1280
-366
0
1193
-366
-366
1566
-4286
0
0
-366
13596
0
8442
-366
-366
-366
-366
0
0
3578
-7212
-366
0
358
1193
21419
8442
8947
1193
6140
327
528
0
-4513
-366
5135
10957
10167
5710
23712
9361
-366
-7212
-49
5513
3320
-366
-366
-7212
2812
0
-366
5998
8070
-1305
8276
2341
0
5513
-3706
0
7544
-366
-3883
10167
6711
-366
-1582
0
0
-366
1487
-366
17650
1193
9981
-366
-314
7600
-366
8509
2227
0
-366
1280
0
3851
331
8509
807
2178
1182
-366
6399
1280
-366
8276
5235
-7212
0
0
7365
-366
0
-366
2341
8276
0
8415
-366
-366
2383
1193
-366
0
8715
-366
5956
5697
-366
3598
-7212
7623
3497
-7212
-366
0
5405
-7212
4678
14285
8586
0
1487
-1439
0
9235
7182
8276
2696
-366
8442
343
-7212
14285
5513
-366
0
16399
343
14285
-366
4678
-366
807
2441
-7212
-366
-366
-7212
3497
-366
21419
-7212
-366
2895
-366
8442
-3643
14852
-366
0
4678
0
8509
-366
10422
4678
-366
6213
-7212
0
-366
1193
10167
1193
10055
2244
-366
2812
9981
-366
-366
3497
1487
14285
7015
2819
10055
-366
-366
5513
5513
-366
-4285
331
2089
-366
12378
-366
10055
17121
0
1934
10055
0
-7212
5956
-366
-366
8276
14285
1487
-366
-5921
8715
5324
-7212
-366
8509
4060
-366
4259
16001
-366
4069
-366
4678
-366
-366
5771
8276
5513
-366
-7212
4678
-366
1131
-366
0
-6755
2131
4678
2441
0
8276
-1305
5956
8276
3598
-366
7610
0
1193
-366
1487
9150
0
2973
793
0
0
-366
5522
10055
11830
0
-366
6962
11319
371
343
-366
3696
-366
-366
1131
772
0
0
0
0
0
10432
9981
0
10957
1131
-366
628
0
2569
0
-2821
-7212
-366
19733
0
-366
-7212
8403
-366
11830
371
8663
-366
1053
343
12710
4578
5972
3598
13789
9329
3598
26356
4550
18076
1053
13431
-366
6566
-254
1053
-366
-7212
1053
4678
-4333
5956
7371
-555
14426
655
-7212
-6868
1053
-366
9331
10237
-366
1053
7354
4749
1053
1053
3045
8442
8663
2246
-4297
8440
-366
16617
1165
2246
-366
-366
9329
-4531
9329
11220
19507
1053
1053
9562
3494
11108
2246
343
-366
-366
-1638
1053
5743
-366
-366
343
18230
15238
-2461
4017
-2461
4678
-366
1053
9562
6566
1053
1053
-366
1846
5961
1053
-2461
15468
-366
-366
343
1053
1053
-366
8649
19156
8403
371
-2461
-4153
-366
2895
1053
1053
6398
-366
8663
9946
8349
11220
-366
5122
1053
1165
399
-366
7926
-366
11475
-366
8101
6566
1053
6566
10059
6566
1165
-2461
11034
1053
1165
-366
1053
4550
1053
7182
1053
3494
-3887
9329
10045
9562
8663
6710
2246
4562
11108
1053
11830
11475
10432
1053
8219
10237
19403
2005
138
-4318
1165
11034
10563
-366
6393
1053
6566
1053
6057
1053
7587
-366
4197
-366
1053
-366
-366
-366
220
1165
9329
-2461
-366
-366
-366
10952
5951
1053
-366
7182
-938
2246
-366
10237
6566
-366
-366
343
9331
-366
8349
577
1053
1053
-4513
1053
9384
-366
-366
8349
-366
-366
1407
-2461
6398
3672
1053
343
7725
8101
5406
6351
13431
343
6398
10237
4550
-366
-366
1053
4678
-1885
4136
-366
9384
8442
7051
-366
-7212
-366
5956
-366
-587
-366
1053
-366
2246
3042
10558
8403
3807
-366
1053
2812
4678
1053
-4542
-366
-366
343
13051
-366
-366
-366
21103
-366
12710
943
1665
-366
10467
-366
1053
20771
1053
-366
1053
-366
-366
-366
3579
1779
-366
343
8349
-2461
1053
465
-366
7805
-366
10293
11475
1697
-366
-366
-366
1053
8101
-2011
1053
3551
3621
1053
4197
1053
11650
8663
8219
8663
10940
-366
-366
2812
6213
6299
4823
1735
1053
3494
-366
11108
10237
3344
9329
-2461
-366
-8721
-2461
11650
1053
-366
-2461
10467
-366
-366
13431
-366
-366
2812
-366
10467
-366
11475
1053
-2461
1053
-366
-366
2246
8103
8440
13431
371
1053
9365
1053
11220
-366
9329
-366
5498
19403
1053
7725
1053
5956
2698
343
-366
343
10558
-366
7999
-366
17069
343
5375
4562
9329
1053
4197
343
8442
2246
1053
1053
4375
-8615
3344
-366
11034
-366
-366
1053
-1921
7354
17650
343
10123
1053
-366
1131
-366
-2461
4465
6057
6232
7343
343
1053
-2461
-2292
8663
9329
4465
3494
30073
-366
-366
13945
21103
343
4901
4678
10123
1053
-366
3246
-1885
11108
11108
2246
-366
-366
10467
1053
10237
-366
-1885
16227
343
-366
-1885
5122
-1214
-366
9329
4678
1056
6566
-366
1053
11732
1053
1053
14248
11034
-733
-366
-1885
2246
810
7541
-366
2325
7222
943
6566
11034
6057
17650
-1214
5558
326
1165
8460
1053
2246
3266
3110
-366
6867
-366
12372
-10452
-2461
-366
-2461
6398
-366
-7023
-4988
-366
-366
2217
-366
1053
11220
371
-3887
1053
10536
14179
1846
3246
10237
-2461
-366
11220
2246
7200
14331
2005
5418
6566
1053
7092
-366
2849
-366
1165
3104
-366
11961
-366
15383
8636
11830
1053
7182
8640
11220
-366
2812
-366
-366
-366
1053
12196
-366
7182
10237
1477
-366
10612
4678
343
2812
1053
4140
-366
8403
-366
8349
-366
1053
10237
1053
1053
18356
1934
11475
8460
-366
1053
1053
-366
16227
-366
-366
10237
-366
3494
5956
1846
9329
1053
2816
1165
11108
19041
-2461
6867
1053
6970
6398
-366
1053
5956
16227
8460
3494
343
-366
2559
-366
9329
9329
20093
-366
14655
943
-366
343
-366
115
-366
-366
1053
3494
9329
343
4678
-366
-366
5733
8101
-366
1053
1053
10558
5994
6566
2719
1053
1053
343
-366
-2190
-366
6068
-366
-366
2857
-366
6398
11034
9329
10744
8692
5720
6970
2767
12710
343
7587
1053
-2011
926
-366
5324
8640
-366
6566
2246
1407
7354
1053
9546
343
-366
-1640
-2461
18736
2246
6566
1053
13431
1053
343
1053
9329
11108
3300
2719
10000
2036
2246
1053
-2461
8586
-366
8663
1053
14379
-366
-366
4792
8442
385
2698
7222
6566
-366
-366
385
13529
5743
8219
7307
943
-3887
1165
10043
-366
8143
11475
15238
-220
-366
6452
-366
7043
1053
8243
-366
-366
-366
1053
4678
2383
1566
1131
18210
8349
11034
7092
343
10744
5981
-366
8780
-366
18649
1591
8663
-366
9235
20031
343
343
-366
11108
8143
6803
-366
1053
7307
6566
5406
1165
8663
959
-366
-366
9329
-366
11108
-2461
343
9329
25699
1053
1053
-366
1053
5961
6167
8349
2113
9329
6566
13211
-366
-366
2599
343
1165
1053
3754
1982
8460
343
3411
3494
1053
1681
5584
1360
5499
6603
10687
-366
23728
-366
385
-366
577
6566
8101
13916
385
5236
-3358
-366
5961
5917
-53
1053
18171
-366
-366
-220
5375
1053
6566
343
4879
1053
1053
-366
1053
-366
5965
385
-366
-366
-366
6452
1053
2246
9530
34883
14001
-366
617
959
-366
14394
4678
-366
2442
-366
6916
2354
2244
9329
-366
8101
3397
385
4518
11034
-366
-366
1053
21323
22651
1053
343
-1885
343
-366
-366
6566
4678
11403
8349
5956
-2461
10663
13452
5164
5418
2246
5406
1053
7809
-366
10381
6566
1053
9864
29741
343
1407
7043
1259
9329
-366
1053
12372
12470
9329
343
7222
5406
3065
6566
-2461
6068
8302
10684
1846
8687
-366
5375
7092
-366
343
-366
2246
-366
5994
5375
10687
-366
14962
8442
4919
-366
11501
18736
-366
385
-366
-366
1053
6036
1053
343
5278
5587
1053
-366
11611
-366
1165
1053
7375
5573
2280
3065
1053
-366
1053
11475
5961
9946
-366
385
3847
13431
6566
343
1053
-220
1462
5961
-366
8007
-366
5263
-366
1053
2246
8119
9329
8349
3150
14248
6296
-366
5994
1566
220
8053
8636
1053
-366
385
9329
1053
9447
-366
-366
-366
343
4915
14135
3847
-366
10381
14260
-366
-366
11501
385
8663
9329
-366
1053
1053
-366
11034
8349
8053
5743
1053
6566
9329
5994
5558
-366
27709
19041
19786
1053
10293
-366
25306
385
1846
1053
3494
2179
2488
24890
-366
5375
6057
1729
5375
8119
5263
1053
-366
8663
-53
2642
2642
7092
6519
5375
2642
2642
-2083
7092
9002
1087
2246
1259
2642
-366
2642
6566
9530
13671
9002
2642
2642
8973
2246
9329
385
-366
2642
-366
-366
2642
2642
-2461
2642
1053
3351
1706
220
6566
5558
8587
13431
13671
8613
2642
2642
1053
2642
5956
3231
11938
1566
5013
12881
2642
9329
13431
2642
5343
3494
2642
9329
9406
2642
5406
1053
8663
7092
2642
15079
23623
10791
2642
2642
3351
4749
12470
17587
6566
5406
10242
2642
2642
2642
1053
2642
34883
10253
2042
7043
7686
1131
2642
-2461
2642
2878
8349
3351
1053
1327
3351
10253
1165
5406
8349
2642
2642
-366
2246
2698
4581
6797
15472
4731
1982
3494
3438
8982
1566
2642
11475
-2461
10756
4483
6566
1053
5883
3817
1131
2642
23617
6566
2246
5627
11476
6566
-2461
7686
3351
2642
10381
26083
1053
11109
-220
2642
10088
-8705
8143
-7212
15812
-366
3886
9329
1980
2246
-366
1053
7354
9866
17546
19041
2559
8442
1053
17387
-2461
3297
2642
6646
2642
5278
6566
19041
2642
11251
1413
26083
-366
2642
6566
7686
17007
8913
2642
3765
2457
2642
2642
2642
-366
3847
2642
7686
2642
2713
3604
2642
9329
19041
2642
0
-2461
14135
1053
4919
12776
13531
6057
2642
2642
8636
19680
3894
1053
9558
2642
9329
17700
6916
1053
3351
1053
10203
2642
3351
1053
2642
1053
8619
2642
10927
2642
1821
4749
21946
7971
1053
2642
2642
6504
11611
5418
-366
10726
385
2642
8897
-5497
11828
9696
24600
9323
1133
9696
9696
9696
13431
6688
16501
15173
15496
12968
10756
9696
33137
9911
9696
6688
14146
17142
9696
9696
18244
6688
9696
6688
9696
6688
9696
16419
7439
6688
6688
20306
12857
4593
17575
9696
16871
6688
11475
12372
13431
21563
19935
9696
9696
9696
9696
24001
15496
13111
9696
14383
12342
15496
9773
14208
4593
6688
9696
9752
17165
9696
15664
9696
25306
9696
10405
15514
10405
14146
15403
20935
11034
10332
16056
9865
16413
10336
10726
9696
6688
9696
33298
14740
17697
18710
9696
9696
7274
11051
9696
12470
13558
10549
9696
9696
9696
6704
4120
7274
18382
16460
9696
13447
6688
5797
5169
9696
-1651
20504
9696
12306
6688
10416
15403
6688
14135
10332
13847
20749
9696
14933
9559
9696
18736
6688
6688
30447
17307
9696
9696
13431
16005
12087
9696
7425
6566
9696
12937
21052
9696
6688
12087
6688
12087
13111
6688
13111
9696
8363
15403
10405
6566
21696
10405
20581
9696
6688
6688
9696
14933
9870
21357
10405
25475
12460
8663
14135
6688
12087
14933
16460
13847
19041
4919
15967
9696
9329
12470
14740
6688
14933
6688
1053
9696
6688
28858
21052
5263
30439
13431
6688
6688
9696
9090
10119
16289
34883
11034
6688
14933
19879
14933
9696
9696
9696
1053
12638
10381
9696
12104
38165
12688
13564
11183
9696
5133
6688
20935
14287
18382
10405
9696
10405
14740
9696
9946
16661
16985
6688
13010
6688
9696
15127
9329
6688
21052
12638
13847
14933
9696
9696
9696
13431
6688
13847
14933
12968
6688
36488
4593
9696
6688
5343
17296
9696
6688
9696
12613
9696
6688
21572
16501
17895
14394
6688
23488
1053
9696
9696
9696
13847
9696
6688
18636
23162
10165
3995
6688
6688
14440
20493
16512
11183
9696
9696
14933
11034
9696
6688
12937
12718
6688
9329
1053
9696
11034
9437
17271
6688
12087
10819
9696
8875
15496
12460
9558
9329
14933
33137
18163
30686
9696
9696
9696
9696
9696
9696
15188
8663
17267
12460
14740
12087
15212
12087
12908
10549
9696
10381
15514
12504
11828
14933
13043
14933
12613
17307
6688
14933
9696
14933
9696
9696
12244
6704
6688
18163
11901
10405
14933
9696
12990
28182
19142
15403
6688
16803
29000
6688
10405
6688
-158
-1651
9696
22271
13111
9696
14933
9696
12087
23740
9696
14740
4593
43495
6688
19935
15496
9696
10555
14740
18115
10635
9090
9696
6566
21892
19935
9696
34883
10336
6688
13010
17307
18395
9696
19935
10905
17307
14933
12087
9696
6688
25475
6688
15403
9329
9696
32031
14933
6688
16056
9696
8313
13111
6688
9096
6566
9696
9669
21357
9696
12332
15188
6916
15188
9696
14527
14933
21052
22781
9696
9696
6688
