0
0
0
0
0
0
0
0
0
0
0
0
0
0
0
0
0
0
0
0
0
0
0
0
0
0
0
0
3809
0
0
0
7367
0
0
0
0
0
0
0
0
0
0
7367
0
0
0
0
0
0
0
0
0
0
0
0
0
0
0
0
0
0
0
0
0
0
0
0
0
0
0
0
0
0
0
0
9413
0
0
0
0
0
0
0
0
0
0
0
0
0
0
0
0
0
0
0
0
0
0
0
0
0
0
0
0
0
4456
8857
0
0
0
0
0
0
0
0
0
0
0
0
0
0
0
0
0
0
8076
0
0
0
8673
140
0
0
7367
0
0
0
2023
8673
3809
0
8076
8673
8673
0
7367
8673
0
8673
0
0
0
0
0
0
0
0
0
0
0
5996
0
0
0
0
8673
0
0
0
0
0
9888
0
0
8673
0
0
0
8673
0
0
0
8673
0
4951
8673
0
0
0
0
0
0
0
0
0
0
1274
3758
0
3243
0
0
7367
8673
0
0
0
0
4544
0
0
8673
13762
0
8673
4379
0
0
0
0
0
0
0
8673
8673
0
0
0
0
0
0
0
0
0
0
0
8076
0
15421
0
0
0
0
8673
8673
0
8673
8673
0
0
0
0
0
0
0
5367
3243
7550
0
0
0
0
0
0
0
0
0
1274
0
0
0
0
0
0
3758
0
8630
0
21770
7550
0
0
0
0
0
0
4462
0
4462
2543
1274
0
24131
0
0
0
2069
0
0
4462
0
0
0
0
0
0
0
0
0
0
4462
0
0
0
5046
0
9413
5217
0
0
4462
2475
0
0
0
0
0
17383
0
0
4462
0
4462
5028
5151
2069
4444
0
24131
0
4462
0
17383
4462
4379
0
0
0
2095
0
24131
4462
0
7892
24131
0
0
0
7892
17383
0
24131
0
0
0
0
8656
223
24131
17383
0
4462
13826
0
7892
0
4462
0
0
28396
0
17383
17383
0
11829
7892
17383
0
4462
22945
0
0
0
0
22945
0
17383
22945
7892
4462
5468
0
4379
6439
0
0
0
9248
17383
0
0
7892
0
17383
0
11829
11829
0
9961
4462
3828
0
5046
0
22945
0
8645
22945
0
17383
9062
0
0
0
17383
17383
22945
18940
17383
0
0
0
9062
0
0
18940
223
7191
5977
0
4462
0
0
3616
4379
0
17383
17383
7892
0
9336
4456
0
0
4462
7892
0
0
0
22945
0
10350
22196
0
0
0
0
0
0
17383
0
4462
0
4462
0
0
9961
2475
22945
7892
27210
0
4786
0
17383
223
0
0
0
4462
0
0
4462
0
6439
0
22945
22945
8857
0
0
16434
0
11829
0
22945
14476
22945
9197
0
22945
3243
0
9413
4462
7892
0
0
0
7892
0
0
0
4786
9479
0
17383
17383
0
0
0
0
7892
17383
0
4462
6381
17383
0
0
9062
0
0
0
0
18471
5977
11829
0
0
17383
0
9961
0
17383
0
0
0
9961
223
22127
4379
28178
8
9493
8
0
0
8710
7892
20570
0
7765
5137
230
9062
18233
7892
0
28178
17383
0
-1753
0
3401
0
7892
34243
0
15169
20570
2475
4774
0
17383
11829
230
0
5133
0
8531
4462
0
11829
5119
28178
0
0
0
3401
0
7664
20570
0
17383
4462
0
5977
0
11829
0
33267
0
10350
9961
14476
0
7892
0
28178
9062
14476
230
0
0
4462
5977
7892
17383
0
14955
0
0
12435
0
4462
0
0
0
20570
0
28178
7892
20570
0
0
8652
11829
8838
0
0
0
0
9961
28178
5864
7892
11829
0
7724
5977
0
0
4379
8652
4462
17383
28178
0
0
4462
0
0
2503
0
17383
4456
4462
3243
4379
7892
5510
11829
8710
0
8531
7892
0
11829
0
19896
0
3555
4462
4462
0
0
14476
2503
0
6227
6439
28178
1091
0
17383
223
3665
0
7892
29384
17383
807
0
9062
9961
7892
4462
0
28178
0
592
5977
28178
0
20570
11829
0
0
17383
17383
0
0
13620
0
230
25310
20570
4462
3555
0
0
0
0
5864
0
22127
6105
28178
8517
0
0
8196
28178
0
0
14375
7892
28178
0
0
7664
0
13614
28178
0
4462
0
7892
0
0
0
4462
0
0
0
4462
0
0
7892
7053
223
22127
9961
0
0
9336
0
7892
0
8710
0
6227
7892
17383
17383
0
0
0
0
22127
14874
8936
0
8681
7892
17383
0
2020
223
0
0
7892
0
0
2461
20570
3320
9493
0
2688
0
0
7892
0
0
4456
6051
0
0
28178
14908
0
18471
8617
0
0
7892
4379
17383
3555
8880
0
0
0
1761
14908
0
9578
8844
14683
0
14683
0
14874
9413
15169
0
230
0
0
0
0
17383
17383
28178
0
28178
6381
5977
0
28178
8936
17383
2848
3023
0
1246
11666
17383
7892
0
17383
0
0
0
14908
0
0
0
7892
8617
0
3555
10643
0
9578
28178
1120
0
0
0
0
14874
0
0
5977
136
0
0
0
0
0
0
0
782
0
7790
0
28178
20570
0
4692
8936
9961
0
3320
28178
15169
6704
7892
14908
0
0
1299
0
0
0
0
4692
28178
3334
0
0
0
9493
0
902
6238
0
0
0
20570
17383
17383
223
0
7765
0
3005
0
0
0
0
0
4774
223
10925
902
0
8710
4774
0
0
14683
3334
0
4379
2503
1246
0
7925
0
4692
0
20570
0
11107
20572
0
9961
0
9961
8710
0
0
0
8196
0
17383
28178
0
17383
1761
12799
5977
20570
9413
4692
3334
3334
28178
2503
0
2503
0
23034
4379
3320
8076
807
9502
5133
0
0
0
14683
1401
0
9493
3373
8815
21267
15472
223
0
17383
0
0
0
4379
0
5977
0
0
2475
28178
0
0
20570
0
3334
14683
13659
10404
11666
17383
8617
6142
3738
5264
0
0
4379
9961
0
0
0
0
17383
0
8196
14788
11694
17383
8410
8710
0
0
0
0
17383
17383
0
0
0
23034
17383
4813
11806
4443
1274
17383
18526
17383
4774
0
3174
3334
20570
15572
0
9413
37122
17383
17383
14683
2085
4379
17383
0
11666
0
17383
2395
0
0
0
28178
11666
5952
0
0
0
22127
28178
20570
28178
14683
0
28178
4692
0
3334
14640
0
0
6572
0
0
0
0
2617
8196
14683
0
8393
14908
0
0
20570
0
28178
0
3555
9961
0
17383
669
0
3334
4774
7892
0
0
17383
3334
0
871
11806
11666
0
7892
0
0
2489
0
28178
9413
6142
9961
6189
0
22220
7892
14874
0
7112
37122
0
0
15952
9961
0
0
0
3858
9961
0
0
4443
0
0
9843
28178
9961
0
0
14874
17141
0
0
-3677
28178
0
1091
0
1095
7191
0
0
16153
0
0
8815
0
20570
735
14683
0
0
3243
0
0
2426
4692
20570
10404
223
18233
8880
0
14683
19446
14683
0
0
17383
1095
4379
0
0
526
0
0
22127
21267
4443
28178
4379
8627
0
7765
17461
14683
28178
0
0
23659
8627
0
0
15603
17765
9961
3904
0
17383
807
5737
0
14908
14683
0
0
0
5576
5180
32116
9812
8196
0
17383
4443
1123
9961
13557
4774
0
21267
0
0
22127
0
1095
17383
7191
8069
871
0
0
0
4443
807
5248
2489
4379
0
28178
0
3580
2191
28178
3961
14683
4443
2433
1761
5180
23034
3555
5952
0
19446
2434
12567
0
7892
4169
0
0
17383
0
0
14908
4774
19896
3334
14046
2434
17383
17383
25965
0
8880
2688
17383
9578
9961
5921
0
10421
0
0
230
16540
14908
0
0
28178
14908
12587
0
8710
0
0
0
782
0
2353
28178
9595
4966
10404
0
0
15642
0
14640
0
0
661
37122
1056
18471
12118
0
0
20046
3530
0
1761
14473
9413
4379
16402
6682
0
17420
17383
0
0
20570
0
0
14683
7892
9961
0
0
28178
4550
1602
3334
0
0
0
20638
0
14683
0
0
8710
230
0
0
17383
9547
24519
0
28178
3776
17383
4443
10992
0
13178
4692
14683
661
8627
28178
18233
0
0
14683
7764
0
2434
5419
0
4692
2489
3334
2922
28178
0
4379
11666
14683
20638
0
2434
0
0
17383
4443
20570
0
0
0
0
14683
20570
9827
17461
2434
0
0
-4047
1830
9811
4621
0
13557
17383
0
8834
9493
0
9440
14908
4443
17383
4692
7591
6439
2617
3696
0
4443
1208
3334
17383
9502
0
6381
0
9961
223
0
0
20570
4443
0
2617
0
15557
4423
0
12268
18615
28178
0
20570
7892
9394
8196
13178
3334
9493
9163
17383
8852
0
20458
0
223
4379
14683
4828
1095
173
1830
17383
7892
8427
0
230
0
14908
16566
9031
0
0
17383
17383
5264
1246
0
-8011
28178
223
13652
0
5542
14683
4379
0
35041
7892
0
28178
13652
0
230
4132
28178
0
0
4443
0
0
28178
4692
14683
230
17383
9961
223
0
17383
18916
0
1225
28178
17383
1404
23034
8785
17383
20570
3334
0
0
9578
20570
0
1225
0
20570
0
12118
20572
0
10412
0
223
8710
0
18219
2434
14908
1057
4456
29235
14683
18440
0
2434
4692
19896
7892
10126
1057
10412
9843
4614
3200
2696
17181
0
1225
18656
8763
1057
11666
4692
8042
5436
1057
15557
1057
3738
0
0
1057
18366
0
25305
4371
7591
8117
9373
8763
4219
0
4371
4556
-10644
11666
1057
0
1280
1057
2434
21310
1225
12137
12937
8427
1225
14683
1057
21310
6198
9440
21627
1057
23034
13178
5436
0
8617
29235
9413
0
7591
10715
-2464
29235
17420
1057
12137
13557
1435
9767
2461
-1357
1905
5201
4692
0
1057
1280
38605
5028
1057
1057
2020
1057
5561
0
0
6625
0
1057
-79
1057
29235
2152
1057
2553
-1144
1195
9767
1057
5601
4692
0
3334
0
7773
22348
7591
200
5201
10652
5436
18440
5436
4692
14046
0
-9761
0
7179
1057
1057
29235
4443
9373
3864
1057
18440
3642
18440
-1869
12137
1057
29235
8427
29235
14941
4696
14908
4692
14908
5492
1057
5201
0
14908
12562
5631
8839
2434
0
5631
1057
6118
6118
1057
3334
1280
6826
1057
18440
13877
0
-6967
-3193
4692
29235
29235
6130
1057
14306
6118
1057
0
1057
0
0
2811
8308
1280
2887
18440
0
18440
0
5631
-176
1280
7969
4843
12545
13652
1057
0
1057
0
7591
0
-321
1057
0
9767
4443
14046
0
29235
12118
4443
0
0
31626
29235
5631
21877
3590
2434
7199
18440
29235
4443
1057
1057
21877
10666
5631
2634
18440
0
21877
0
19060
1057
1057
0
11241
6439
4443
10652
3334
0
1287
0
-5933
5631
1057
8841
1057
0
5631
4443
0
12751
5631
5631
2434
38547
3334
0
5921
7519
4971
9062
9684
0
35338
4769
0
-8536
1057
11051
6333
19276
0
7363
9767
24543
27980
4966
24543
3288
1057
10056
13557
9843
-2990
12545
1057
9493
5441
24543
1280
8427
21310
22011
-9761
6802
2434
1057
1057
0
5436
3756
1057
0
4571
7591
0
27980
24543
-6298
24543
9373
4612
5631
0
5631
9493
14908
9767
9555
9666
9461
3288
0
12326
4612
35338
5631
27980
9716
2294
1091
0
4057
9716
5436
4692
1057
1057
0
9450
9062
-2990
1057
9602
5631
-1565
4843
4769
1057
5631
5631
12326
21310
842
1057
0
5436
1057
0
4769
0
-9761
4692
9493
655
6051
7591
24543
35338
-9761
24543
8175
24543
1280
14941
6633
5631
5601
0
5631
9716
35338
7043
3288
25752
1287
4692
0
0
28669
35338
5631
0
6802
35338
0
5631
1057
6816
1057
1057
1057
1057
11932
18673
2696
17159
27980
9555
-9761
0
24543
1057
-2990
1864
8169
14908
5631
1057
2434
4443
0
5631
5631
503
35338
5631
4769
35153
14127
0
0
2887
-3193
3334
18214
6199
35338
6633
3565
-176
1057
1057
6118
8805
7218
9762
0
18514
13074
11932
5631
6826
5187
0
9767
0
13977
4034
0
5631
4181
0
5631
0
5436
4774
5631
1864
4286
35338
8466
503
5631
4692
12670
13074
35338
8427
1057
5201
800
10365
1057
14991
35338
16927
14908
1280
0
14624
0
0
0
0
7363
5631
1057
0
29006
8531
878
5436
1057
1057
-2591
9776
0
5631
878
24543
21310
-8536
24543
10360
1057
-176
7095
5631
0
5921
4692
0
9578
0
1057
27980
27980
29380
4385
0
24543
24543
7591
1057
4385
2294
5631
0
1057
9516
7985
9373
9062
24543
6439
35338
3953
7095
7591
4692
23938
10652
5631
8515
5631
-8357
10056
0
3833
1057
1057
44708
3953
0
5631
1057
36304
27980
0
6599
6599
0
1057
35338
35338
6571
35338
24543
2696
3447
1057
0
0
0
5201
9450
1057
24543
1937
7127
0
5631
3334
6321
13762
24543
0
-9761
1057
5631
3334
13652
27980
1057
2887
27980
0
4939
5631
37729
1057
9516
1057
24543
5631
1057
4692
0
14908
0
5631
9761
4612
0
10468
3334
1950
3923
14876
5774
41093
2877
7985
-9761
35338
4612
19609
1057
5436
8602
4692
4470
0
24543
10158
6449
655
5631
0
1057
24543
1057
5436
9767
2738
0
3334
0
11051
8296
3209
5631
8979
35338
-8536
37015
0
0
0
1057
9767
27244
3737
24543
9805
3668
3100
4796
-1357
8857
1057
5436
1959
3557
7367
173
24543
0
12911
0
27244
0
698
7363
5573
0
5436
8175
0
7591
24543
17909
0
2461
24543
878
16710
-2591
25752
9413
24543
35338
1057
-10882
3334
1057
4604
23938
0
1057
8427
2945
8800
16224
2696
18031
0
0
7519
24649
14212
3384
3415
27980
24543
13178
1057
9555
35338
1057
494
0
3427
0
0
0
7367
1057
5631
7287
9614
3334
1057
5631
35338
655
1057
3026
1057
27244
4951
1057
3026
24543
1057
5631
-8536
35338
35338
13074
0
7287
1761
0
8466
8175
5631
24543
1057
0
-9761
30943
27032
24543
8537
1057
1057
1057
27980
5441
0
1057
0
8537
11051
0
11622
1975
3427
27980
7367
5631
0
35338
0
41093
4769
9187
-8536
19609
5631
655
0
25255
5631
24543
0
-9761
11067
13652
-2836
3246
