0
0
0
0
0
9175
2622
0
0
0
0
0
0
0
0
0
0
0
0
9175
0
0
0
2622
0
0
0
0
0
0
0
0
0
0
0
0
7925
0
0
0
9175
0
0
9175
7322
6096
0
0
0
0
0
0
0
0
0
0
0
0
0
0
1506
0
0
0
0
0
9037
11638
0
0
0
0
0
0
0
0
9037
0
0
0
3251
560
8578
0
560
5685
5685
3251
5685
9175
0
0
7013
0
7322
2622
0
3251
0
0
3382
8578
0
0
9175
3382
0
0
0
7806
0
18133
0
0
0
3251
0
5685
0
0
8743
0
11638
0
5685
3261
3251
0
0
8743
9175
0
0
0
0
3251
8743
5685
3251
12470
0
0
0
7013
5685
0
3251
8550
4988
3251
11638
0
0
0
0
7719
3251
7719
3251
7719
9175
6230
0
11638
8743
0
7719
7719
2622
332
7719
0
5685
0
7719
0
7719
0
7719
12692
7719
7719
10582
10971
0
7719
5685
7719
7719
7719
9175
7719
5685
8578
5685
0
3616
7719
7719
7719
5685
9889
7719
7719
7719
7719
-409
-6210
7719
9037
8442
7719
14303
16602
0
11574
8578
8578
7719
7322
11574
2340
10716
14144
7719
7719
23753
0
16913
23753
7719
5593
7719
7719
0
7719
7719
8279
7719
0
3251
5428
10106
14144
7719
7719
10980
0
0
3251
14144
-851
3251
7719
7719
7719
2340
7719
7719
7719
9915
9915
15944
0
-525
16102
17237
17945
9915
0
7719
7719
16602
7719
0
9915
16102
9527
7719
12283
9915
8578
7719
17237
7719
7719
7719
9915
17691
8279
7719
-3578
7719
9915
7719
-525
0
7719
0
7719
2965
14303
5004
3251
17691
0
7719
7691
21899
7806
8876
22523
7719
7719
6421
7719
17237
6684
7719
-4984
3251
7719
11574
-3578
-1468
16034
2965
7719
7719
7719
9527
13191
9915
13776
14659
4499
3251
-3578
-3578
23753
6684
7719
9915
0
7719
2533
9915
9915
7719
-13693
0
9915
0
7719
6684
9915
9915
10716
8619
16906
7719
9915
7719
9951
16602
3251
9915
7719
7719
0
9915
17237
1309
3251
9915
3479
11281
-6410
2627
-6410
3251
9915
9915
3251
3251
-6410
17343
6684
4534
2209
-6410
9915
3251
-6410
8714
-11947
1309
-6410
17237
8890
1309
-6410
-12154
1309
1309
3251
8578
9350
22127
2627
3251
9915
6684
1869
9915
-13209
9371
22127
9149
1309
1309
13859
3251
1309
2209
-5800
2209
-6410
9534
3251
2023
-20103
-12154
1309
9534
3251
-6410
22127
-6410
9915
1309
6684
1309
1869
9083
1309
1309
1309
27133
13564
-6410
9915
9915
2627
0
13182
3995
-6410
9915
-24808
1581
2644
1309
9083
1309
1309
10539
-17985
3251
9915
1309
6421
1309
13564
-20103
1309
7174
9915
8578
1309
